<?xml version="1.0" encoding="utf-8"?><testsuites name="pytest tests"><testsuite name="pytest" errors="0" failures="0" skipped="0" tests="9" time="1.669" timestamp="2026-06-29T11:32:30.363750+00:00" hostname="agent-env-7d8131bd-43f9-48ad-8252-015f06458395"><testcase classname="tests.test_phase2_refixes" name="test_fix1_staff_login_all_roles" time="0.941" /><testcase classname="tests.test_phase2_refixes" name="test_fix3_delete_category_blocked_when_slug_products_exist" time="0.101" /><testcase classname="tests.test_phase2_refixes" name="test_fix4_oms_exceptions_returns_array" time="0.053" /><testcase classname="tests.test_phase2_refixes" name="test_fix5_riders_have_both_rider_status_and_status" time="0.049" /><testcase classname="tests.test_phase2_refixes" name="test_fix6_patch_product_returns_updated_with_express_eligible_true" time="0.161" /><testcase classname="tests.test_phase2_refixes" name="test_fix6_patch_product_returns_updated_with_express_eligible_false" time="0.050" /><testcase classname="tests.test_phase2_refixes" name="test_fix6b_inventory_update_returns_in_stock_false_then_true" time="0.100" /><testcase classname="tests.test_phase2_refixes" name="test_fix7_template_missing_event_returns_400_not_500" time="0.054" /><testcase classname="tests.test_phase2_refixes" name="test_fix7_template_legacy_code_alias_accepted" time="0.103" /></testsuite></testsuites>