<?xml version="1.0" encoding="utf-8"?><testsuites name="pytest tests"><testsuite name="pytest" errors="0" failures="5" skipped="0" tests="22" time="4.818" timestamp="2026-06-29T11:24:18.744677+00:00" hostname="agent-env-7d8131bd-43f9-48ad-8252-015f06458395"><testcase classname="tests.test_vfast_phase2_admin" name="test_login_admin_super_ops_rider" time="1.289" /><testcase classname="tests.test_vfast_phase2_admin" name="test_customer_otp_and_seed_orders" time="0.335" /><testcase classname="tests.test_vfast_phase2_admin" name="test_dashboard_live" time="0.060" /><testcase classname="tests.test_vfast_phase2_admin" name="test_oms_sla_exceptions_cod" time="0.087"><failure message="AssertionError: assert (200 == 200 and False)&#10; +  where 200 = &lt;Response [200]&gt;.status_code&#10; +  and   False = isinstance({'orders': [{'id': 'c2036501-d146-4061-b9b7-ab09017cc010', 'order_no': 'VF2606299657', 'user_id': '187d7ea5-5530-4a5d-...6294645', 'user_id': '187d7ea5-5530-4a5d-a46d-e8c0dc61bbd0', 'customer_phone': '+919999999999', ...}], 'stockouts': []}, list)&#10; +    where {'orders': [{'id': 'c2036501-d146-4061-b9b7-ab09017cc010', 'order_no': 'VF2606299657', 'user_id': '187d7ea5-5530-4a5d-...6294645', 'user_id': '187d7ea5-5530-4a5d-a46d-e8c0dc61bbd0', 'customer_phone': '+919999999999', ...}], 'stockouts': []} = json()&#10; +      where json = &lt;Response [200]&gt;.json">E   AssertionError: assert (200 == 200 and False)
     +  where 200 = &lt;Response [200]&gt;.status_code
     +  and   False = isinstance({'orders': [{'id': 'c2036501-d146-4061-b9b7-ab09017cc010', 'order_no': 'VF2606299657', 'user_id': '187d7ea5-5530-4a5d-...6294645', 'user_id': '187d7ea5-5530-4a5d-a46d-e8c0dc61bbd0', 'customer_phone': '+919999999999', ...}], 'stockouts': []}, list)
     +    where {'orders': [{'id': 'c2036501-d146-4061-b9b7-ab09017cc010', 'order_no': 'VF2606299657', 'user_id': '187d7ea5-5530-4a5d-...6294645', 'user_id': '187d7ea5-5530-4a5d-a46d-e8c0dc61bbd0', 'customer_phone': '+919999999999', ...}], 'stockouts': []} = json()
     +      where json = &lt;Response [200]&gt;.json</failure></testcase><testcase classname="tests.test_vfast_phase2_admin" name="test_oms_export_and_bulk_cancel" time="0.171" /><testcase classname="tests.test_vfast_phase2_admin" name="test_oms_override_status_and_assign_rider" time="0.179" /><testcase classname="tests.test_vfast_phase2_admin" name="test_oms_mark_cash_collected_cod_only" time="0.182" /><testcase classname="tests.test_vfast_phase2_admin" name="test_catalog_category_crud" time="0.089" /><testcase classname="tests.test_vfast_phase2_admin" name="test_catalog_product_crud_and_express_recompute" time="0.131"><failure message="AssertionError: assert None is False&#10; +  where None = &lt;built-in method get of dict object at 0xff74c6c6b1c0&gt;('express_eligible')&#10; +    where &lt;built-in method get of dict object at 0xff74c6c6b1c0&gt; = ({'ok': True}).get&#10; +      where {'ok': True} = json()&#10; +        where json = &lt;Response [200]&gt;.json">E   AssertionError: assert None is False
     +  where None = &lt;built-in method get of dict object at 0xff74c6c6b1c0&gt;('express_eligible')
     +    where &lt;built-in method get of dict object at 0xff74c6c6b1c0&gt; = ({'ok': True}).get
     +      where {'ok': True} = json()
     +        where json = &lt;Response [200]&gt;.json</failure></testcase><testcase classname="tests.test_vfast_phase2_admin" name="test_catalog_csv_import" time="0.047" /><testcase classname="tests.test_vfast_phase2_admin" name="test_catalog_category_delete_blocks_if_products" time="0.141"><failure message="AssertionError: expected 4xx got 200&#10;assert 200 in (400, 409)&#10; +  where 200 = &lt;Response [200]&gt;.status_code">E   AssertionError: expected 4xx got 200
    assert 200 in (400, 409)
     +  where 200 = &lt;Response [200]&gt;.status_code</failure></testcase><testcase classname="tests.test_vfast_phase2_admin" name="test_inventory_list_low_update_batches" time="0.087"><failure message="AssertionError: assert None is False&#10; +  where None = &lt;built-in method get of dict object at 0xff74c6c325c0&gt;('in_stock')&#10; +    where &lt;built-in method get of dict object at 0xff74c6c325c0&gt; = ({'ok': True}).get&#10; +      where {'ok': True} = json()&#10; +        where json = &lt;Response [200]&gt;.json">E   AssertionError: assert None is False
     +  where None = &lt;built-in method get of dict object at 0xff74c6c325c0&gt;('in_stock')
     +    where &lt;built-in method get of dict object at 0xff74c6c325c0&gt; = ({'ok': True}).get
     +      where {'ok': True} = json()
     +        where json = &lt;Response [200]&gt;.json</failure></testcase><testcase classname="tests.test_vfast_phase2_admin" name="test_stores_zones_crud" time="0.308" /><testcase classname="tests.test_vfast_phase2_admin" name="test_riders_list_create_status" time="0.045"><failure message="AssertionError: missing rider field rider_status&#10;assert 'rider_status' in {'id': '8d64ee74-438f-48c2-9d4e-f95f1a54d791', 'email': 'rider@vfast.local', 'name': 'VFast Rider', 'role': 'delivery_partner', ...}">E   AssertionError: missing rider field rider_status
    assert 'rider_status' in {'id': '8d64ee74-438f-48c2-9d4e-f95f1a54d791', 'email': 'rider@vfast.local', 'name': 'VFast Rider', 'role': 'delivery_partner', ...}</failure></testcase><testcase classname="tests.test_vfast_phase2_admin" name="test_pincodes_csv_import_and_waitlist" time="0.087" /><testcase classname="tests.test_vfast_phase2_admin" name="test_qr_preview" time="0.086" /><testcase classname="tests.test_vfast_phase2_admin" name="test_rbac_get_and_update" time="0.128" /><testcase classname="tests.test_vfast_phase2_admin" name="test_audit_list_filter_export" time="0.125" /><testcase classname="tests.test_vfast_phase2_admin" name="test_settings_get_update_persist" time="0.216" /><testcase classname="tests.test_vfast_phase2_admin" name="test_templates_list_create_delete" time="0.170" /><testcase classname="tests.test_vfast_phase2_admin" name="test_rbac_customer_forbidden" time="0.126" /><testcase classname="tests.test_vfast_phase2_admin" name="test_rbac_ops_can_read_sla_but_not_override" time="0.127" /></testsuite></testsuites>