<?xml version="1.0" encoding="utf-8"?><testsuites name="pytest tests"><testsuite name="pytest" errors="0" failures="3" skipped="5" tests="24" time="2.513" timestamp="2026-06-29T11:01:36.929809+00:00" hostname="agent-env-7d8131bd-43f9-48ad-8252-015f06458395"><testcase classname="tests.test_vfast_api" name="test_health" time="0.314" /><testcase classname="tests.test_vfast_api" name="test_categories_top_level" time="0.093" /><testcase classname="tests.test_vfast_api" name="test_categories_subcategories_food" time="0.053" /><testcase classname="tests.test_vfast_api" name="test_products_list" time="0.066" /><testcase classname="tests.test_vfast_api" name="test_products_filter_veg_and_brand" time="0.087" /><testcase classname="tests.test_vfast_api" name="test_brands_food" time="0.043" /><testcase classname="tests.test_vfast_api" name="test_product_detail_amul" time="0.046" /><testcase classname="tests.test_vfast_api" name="test_serviceability_ok" time="0.056" /><testcase classname="tests.test_vfast_api" name="test_serviceability_invalid_format" time="0.047"><failure message="AssertionError: Got 200: {&quot;serviceable&quot;:false,&quot;pincode&quot;:&quot;999999&quot;}&#10;assert 200 == 400&#10; +  where 200 = &lt;Response [200]&gt;.status_code">E   AssertionError: Got 200: {"serviceable":false,"pincode":"999999"}
    assert 200 == 400
     +  where 200 = &lt;Response [200]&gt;.status_code</failure></testcase><testcase classname="tests.test_vfast_api" name="test_serviceability_not_serviceable" time="0.045" /><testcase classname="tests.test_vfast_api" name="test_otp_request_india" time="0.046" /><testcase classname="tests.test_vfast_api" name="test_otp_request_non_india_rejected" time="0.041" /><testcase classname="tests.test_vfast_api" name="test_otp_verify_and_me" time="0.091" /><testcase classname="tests.test_vfast_api" name="test_admin_login_ok" time="0.120"><failure message="AssertionError: {&quot;detail&quot;:[{&quot;type&quot;:&quot;value_error&quot;,&quot;loc&quot;:[&quot;body&quot;,&quot;email&quot;],&quot;msg&quot;:&quot;value is not a valid email address: The part after the @-sign is a special-use or reserved name that cannot be used with email.&quot;,&quot;input&quot;:&quot;admin@vfast.local&quot;,&quot;ctx&quot;:{&quot;reason&quot;:&quot;The part after the @-sign is a special-use or reserved name that cannot be used with email.&quot;}}]}&#10;assert 422 == 200&#10; +  where 422 = &lt;Response [422]&gt;.status_code">E   AssertionError: {"detail":[{"type":"value_error","loc":["body","email"],"msg":"value is not a valid email address: The part after the @-sign is a special-use or reserved name that cannot be used with email.","input":"admin@vfast.local","ctx":{"reason":"The part after the @-sign is a special-use or reserved name that cannot be used with email."}}]}
    assert 422 == 200
     +  where 422 = &lt;Response [422]&gt;.status_code</failure></testcase><testcase classname="tests.test_vfast_api" name="test_admin_login_bad_password" time="0.054"><failure message="assert 422 == 401&#10; +  where 422 = &lt;Response [422]&gt;.status_code">E   assert 422 == 401
     +  where 422 = &lt;Response [422]&gt;.status_code</failure></testcase><testcase classname="tests.test_vfast_api" name="test_cart_preview" time="0.092" /><testcase classname="tests.test_vfast_api" name="test_order_cod_flow" time="0.264" /><testcase classname="tests.test_vfast_api" name="test_order_upi_flow" time="0.321" /><testcase classname="tests.test_vfast_api" name="test_admin_dashboard" time="0.000"><skipped type="pytest.skip" message="admin_token missing (admin login broken)">/app/backend/tests/test_vfast_api.py:264: admin_token missing (admin login broken)</skipped></testcase><testcase classname="tests.test_vfast_api" name="test_admin_orders_payment_verifying" time="0.000"><skipped type="pytest.skip" message="admin_token missing">/app/backend/tests/test_vfast_api.py:273: admin_token missing</skipped></testcase><testcase classname="tests.test_vfast_api" name="test_admin_verify_payment_and_advance" time="0.000"><skipped type="pytest.skip" message="Prereq missing">/app/backend/tests/test_vfast_api.py:285: Prereq missing</skipped></testcase><testcase classname="tests.test_vfast_api" name="test_admin_rbac_customer_forbidden" time="0.046" /><testcase classname="tests.test_vfast_api" name="test_admin_pincode_crud" time="0.000"><skipped type="pytest.skip" message="admin_token missing">/app/backend/tests/test_vfast_api.py:308: admin_token missing</skipped></testcase><testcase classname="tests.test_vfast_api" name="test_admin_qr_upload_and_crud" time="0.000"><skipped type="pytest.skip" message="admin_token missing">/app/backend/tests/test_vfast_api.py:329: admin_token missing</skipped></testcase></testsuite></testsuites>