<?xml version="1.0" encoding="utf-8"?><testsuites name="pytest tests"><testsuite name="pytest" errors="0" failures="2" skipped="0" tests="22" time="5.186" timestamp="2026-06-29T11:32:38.260088+00:00" hostname="agent-env-7d8131bd-43f9-48ad-8252-015f06458395"><testcase classname="tests.test_vfast_phase2_admin" name="test_login_admin_super_ops_rider" time="1.183" /><testcase classname="tests.test_vfast_phase2_admin" name="test_customer_otp_and_seed_orders" time="0.333" /><testcase classname="tests.test_vfast_phase2_admin" name="test_dashboard_live" time="0.063" /><testcase classname="tests.test_vfast_phase2_admin" name="test_oms_sla_exceptions_cod" time="0.136" /><testcase classname="tests.test_vfast_phase2_admin" name="test_oms_export_and_bulk_cancel" time="0.140" /><testcase classname="tests.test_vfast_phase2_admin" name="test_oms_override_status_and_assign_rider" time="0.183" /><testcase classname="tests.test_vfast_phase2_admin" name="test_oms_mark_cash_collected_cod_only" time="0.190" /><testcase classname="tests.test_vfast_phase2_admin" name="test_catalog_category_crud" time="0.098" /><testcase classname="tests.test_vfast_phase2_admin" name="test_catalog_product_crud_and_express_recompute" time="0.099" /><testcase classname="tests.test_vfast_phase2_admin" name="test_catalog_csv_import" time="0.048" /><testcase classname="tests.test_vfast_phase2_admin" name="test_catalog_category_delete_blocks_if_products" time="0.090"><failure message="AssertionError: expected 4xx got 404&#10;assert 404 in (400, 409)&#10; +  where 404 = &lt;Response [404]&gt;.status_code">backend/tests/test_vfast_phase2_admin.py:244: in test_catalog_category_delete_blocks_if_products
    assert r2.status_code in (400, 409), f"expected 4xx got {r2.status_code}"
E   AssertionError: expected 4xx got 404
E   assert 404 in (400, 409)
E    +  where 404 = &lt;Response [404]&gt;.status_code</failure></testcase><testcase classname="tests.test_vfast_phase2_admin" name="test_inventory_list_low_update_batches" time="0.258"><failure message="AssertionError: stock not incremented: {'id': '6eb2c57d-6358-459c-b324-f3b1ec224f39', 'name': 'Test Product', 'brand': 'TestBrand', 'image': '/static/test.png', 'price': 89, 'pack_size': '500ml', 'stock': 0, 'reorder_level': 5}&#10;assert ({'id': '6eb2c57d-6358-459c-b324-f3b1ec224f39', 'name': 'Test Product', 'brand': 'TestBrand', 'image': '/static/test.png', ...} is not None and 0 &gt;= 25)">backend/tests/test_vfast_phase2_admin.py:280: in test_inventory_list_low_update_batches
    assert me is not None and me["stock"] &gt;= 25, f"stock not incremented: {me}"
E   AssertionError: stock not incremented: {'id': '6eb2c57d-6358-459c-b324-f3b1ec224f39', 'name': 'Test Product', 'brand': 'TestBrand', 'image': '/static/test.png', 'price': 89, 'pack_size': '500ml', 'stock': 0, 'reorder_level': 5}
E   assert ({'id': '6eb2c57d-6358-459c-b324-f3b1ec224f39', 'name': 'Test Product', 'brand': 'TestBrand', 'image': '/static/test.png', ...} is not None and 0 &gt;= 25)</failure></testcase><testcase classname="tests.test_vfast_phase2_admin" name="test_stores_zones_crud" time="0.326" /><testcase classname="tests.test_vfast_phase2_admin" name="test_riders_list_create_status" time="0.500" /><testcase classname="tests.test_vfast_phase2_admin" name="test_pincodes_csv_import_and_waitlist" time="0.132" /><testcase classname="tests.test_vfast_phase2_admin" name="test_qr_preview" time="0.047" /><testcase classname="tests.test_vfast_phase2_admin" name="test_rbac_get_and_update" time="0.138" /><testcase classname="tests.test_vfast_phase2_admin" name="test_audit_list_filter_export" time="0.149" /><testcase classname="tests.test_vfast_phase2_admin" name="test_settings_get_update_persist" time="0.183" /><testcase classname="tests.test_vfast_phase2_admin" name="test_templates_list_create_delete" time="0.139" /><testcase classname="tests.test_vfast_phase2_admin" name="test_rbac_customer_forbidden" time="0.129" /><testcase classname="tests.test_vfast_phase2_admin" name="test_rbac_ops_can_read_sla_but_not_override" time="0.088" /></testsuite></testsuites>